Log file open, 07/13/17 17:20:55
LogInit:Display: Running engine for game: BasicEaters
LogPlatformFile: Not using cached read wrapper
LogInit:Display: RandInit(1945936696) SRandInit(1945936696).
LogTaskGraph: Started task graph with 5 named threads and 6 total threads with 1 sets of task threads.
LogStats: Stats thread started at 0.150458
LogInit:Warning: Incompatible or missing module: UE4Editor-BasicEaters.dll
Running D:/Program Files (x86)/UE_4.16/Engine/Binaries/DotNET/UnrealBuildTool.exe BasicEaters Development Win64 -project="C:/Users/yugch/Documents/SOAR Stuff/UE4-Integration-master/Eaters Game/BasicEaters/BasicEaters.uproject" -editorrecompile -progress -NoHotReloadFromIDE
Creating makefile for BasicEaters (no existing makefile)
@progress push 5%
Parsing headers for BasicEatersEditor
  Running UnrealHeaderTool "C:\Users\yugch\Documents\SOAR Stuff\UE4-Integration-master\Eaters Game\BasicEaters\BasicEaters.uproject" "C:\Users\yugch\Documents\SOAR Stuff\UE4-Integration-master\Eaters Game\BasicEaters\Intermediate\Build\Win64\BasicEatersEditor\Development\BasicEatersEditor.uhtmanifest" -LogCmds="loginit warning, logexit warning, logdatabase error" -Unattended -WarningsAsErrors -installed
Reflection code generated for BasicEatersEditor in 16.2183045 seconds
@progress pop
Performing 9 actions (2 in parallel)
BasicEaters.cpp
BasicEatersGameModeBase.cpp
BonusFoodPellet.cpp
NormalFoodPellets.cpp
Eater1.cpp
Wall.cpp
BasicEaters.generated.cpp
[8/9] Link UE4Editor-BasicEaters.dll
[9/9] Link UE4Editor-BasicEaters.lib
   Creating library C:\Users\yugch\Documents\SOAR Stuff\UE4-Integration-master\Eaters Game\BasicEaters\Intermediate\Build\Win64\UE4Editor\Development\UE4Editor-BasicEaters.lib and object C:\Users\yugch\Documents\SOAR Stuff\UE4-Integration-master\Eaters Game\BasicEaters\Intermediate\Build\Win64\UE4Editor\Development\UE4Editor-BasicEaters.exp
   Creating library C:\Users\yugch\Documents\SOAR Stuff\UE4-Integration-master\Eaters Game\BasicEaters\Intermediate\Build\Win64\UE4Editor\Development\UE4Editor-BasicEaters.suppressed.lib and object C:\Users\yugch\Documents\SOAR Stuff\UE4-Integration-master\Eaters Game\BasicEaters\Intermediate\Build\Win64\UE4Editor\Development\UE4Editor-BasicEaters.suppressed.exp
Total build time: 227.60 seconds (Local executor: 143.99 seconds)
LogInit: Using libcurl 7.47.1
LogInit:  - built for x86_64-pc-win32
LogInit:  - supports SSL with OpenSSL/1.0.2g
LogInit:  - supports HTTP deflate (compression) using libz 1.2.8
LogInit:  - other features:
LogInit:      CURL_VERSION_SSL
LogInit:      CURL_VERSION_LIBZ
LogInit:      CURL_VERSION_IPV6
LogInit:      CURL_VERSION_ASYNCHDNS
LogInit:      CURL_VERSION_LARGEFILE
LogInit:      CURL_VERSION_IDN
LogInit:  CurlRequestOptions (configurable via config and command line):
LogInit:  - bVerifyPeer = false  - Libcurl will NOT verify peer certificate
LogInit:  - bUseHttpProxy = false  - Libcurl will NOT use HTTP proxy
LogInit:  - bDontReuseConnections = false  - Libcurl will reuse connections
LogInit:  - CertBundlePath = nullptr  - Libcurl will use whatever was configured at build time.
LogInit: Build: ++UE4+Release-4.16-CL-3514769
LogInit: Engine Version: 4.16.2-3514769+++UE4+Release-4.16
LogInit: Compatible Engine Version: 4.16.0-3452394+++UE4+Release-4.16
LogInit: Net CL: 3452394
LogDevObjectVersion: Number of dev versions registered: 16
LogDevObjectVersion:   Dev-Blueprints (B0D832E4-1F89-4F0D-ACCF-7EB736FD4AA2): 9
LogDevObjectVersion:   Dev-Build (E1C64328-A22C-4D53-A36C-8E866417BD8C): 0
LogDevObjectVersion:   Dev-Core (375EC13C-06E4-48FB-B500-84F0262A717E): 2
LogDevObjectVersion:   Dev-Editor (E4B068ED-F494-42E9-A231-DA0B2E46BB41): 17
LogDevObjectVersion:   Dev-Framework (CFFC743F-43B0-4480-9391-14DF171D2073): 23
LogDevObjectVersion:   Dev-Mobile (B02B49B5-BB20-44E9-A304-32B752E40360): 0
LogDevObjectVersion:   Dev-Networking (A4E4105C-59A1-49B5-A7C5-40C4547EDFEE): 0
LogDevObjectVersion:   Dev-Online (39C831C9-5AE6-47DC-9A44-9C173E1C8E7C): 0
LogDevObjectVersion:   Dev-Physics (78F01B33-EBEA-4F98-B9B4-84EACCB95AA2): 0
LogDevObjectVersion:   Dev-Platform (6631380F-2D4D-43E0-8009-CF276956A95A): 0
LogDevObjectVersion:   Dev-Rendering (12F88B9F-8875-4AFC-A67C-D90C383ABD29): 15
LogDevObjectVersion:   Dev-Sequencer (7B5AE74C-D270-4C10-A958-57980B212A5A): 4
LogDevObjectVersion:   Dev-VR (D7296918-1DD6-4BDD-9DE2-64A83CC13884): 0
LogDevObjectVersion:   Dev-LoadTimes (C2A15278-BFE7-4AFE-6C17-90FF531DF755): 1
LogDevObjectVersion:   Private-Geometry (6EACA3D4-40EC-4CC1-B786-8BED09428FC5): 1
LogDevObjectVersion:   Dev-AnimPhys (29E575DD-E0A3-4627-9D10-D276232CDCEA): 3
LogInit: Compiled (64-bit): Jun 29 2017 02:03:24
LogInit: Compiled with Visual C++: 19.00.24215.01
LogInit: Build Configuration: Development
LogInit: Branch Name: ++UE4+Release-4.16
LogInit: Command line: -EpicPortal 
LogInit: Base directory: D:/Program Files (x86)/UE_4.16/Engine/Binaries/Win64/
LogInit: Installed Engine Build: 1
LogInit: Presizing for max 8388607 objects, including 0 objects not considered by GC, pre-allocating 0 bytes for permanent pool.
LogInit: Object subsystem initialized
[2017.07.13-21.24.58:108][  0]LogInit: Selected Device Profile: [Windows]
[2017.07.13-21.24.58:108][  0]LogInit: Applying CVar settings loaded from the selected device profile: [Windows]
[2017.07.13-21.24.58:171][  0]LogInit: Computer: DESKTOP-87LHRMB
[2017.07.13-21.24.58:171][  0]LogInit: User: yugch
[2017.07.13-21.24.58:171][  0]LogInit: CPU Page size=4096, Cores=2
[2017.07.13-21.24.58:171][  0]LogInit: High frequency timer resolution =2.435872 MHz
[2017.07.13-21.24.58:172][  0]LogMemory: Memory total: Physical=7.9GB (8GB approx)
[2017.07.13-21.24.58:172][  0]LogMemory: Platform Memory Stats for Windows
[2017.07.13-21.24.58:172][  0]LogMemory: Process Physical Memory: 277.01 MB used, 277.01 MB peak
[2017.07.13-21.24.58:172][  0]LogMemory: Process Virtual Memory: 267.19 MB used, 267.19 MB peak
[2017.07.13-21.24.58:172][  0]LogMemory: Physical Memory: 5367.48 MB used,  2705.79 MB free, 8073.27 MB total
[2017.07.13-21.24.58:172][  0]LogMemory: Virtual Memory: 691.91 MB used,  2705.79 MB free, 134217728.00 MB total
[2017.07.13-21.24.58:292][  0]LogInit: Using OS detected language (en-US).
[2017.07.13-21.24.58:292][  0]LogInit: Using OS detected locale (en-US).
[2017.07.13-21.24.58:296][  0]LogTextLocalizationManager: No specific localization for 'en-US' exists, so the 'en' localization will be used.
[2017.07.13-21.24.59:782][  0]LogD3D11RHI: D3D11 adapters:
[2017.07.13-21.24.59:787][  0]LogD3D11RHI:    0. 'Intel(R) HD Graphics 4000' (Feature Level 11_0)
[2017.07.13-21.24.59:787][  0]LogD3D11RHI:       32/0/1760 MB DedicatedVideo/DedicatedSystem/SharedSystem, Outputs:1, VendorId:0x8086
[2017.07.13-21.24.59:789][  0]LogD3D11RHI:    1. 'Microsoft Basic Render Driver' (Feature Level 11_0)
[2017.07.13-21.24.59:789][  0]LogD3D11RHI:       0/0/4036 MB DedicatedVideo/DedicatedSystem/SharedSystem, Outputs:0, VendorId:0x1414
[2017.07.13-21.24.59:789][  0]LogD3D11RHI: Chosen D3D11 Adapter: 0
[2017.07.13-21.24.59:797][  0]LogD3D11RHI: Creating new Direct3DDevice
[2017.07.13-21.24.59:798][  0]LogD3D11RHI:     GPU DeviceId: 0x166 (for the marketing name, search the web for "GPU Device Id")
[2017.07.13-21.24.59:798][  0]LogWindows: EnumDisplayDevices:
[2017.07.13-21.24.59:798][  0]LogWindows:    0. 'Intel(R) HD Graphics 4000' (P:1 D:1)
[2017.07.13-21.24.59:798][  0]LogWindows:    1. 'Intel(R) HD Graphics 4000' (P:0 D:0)
[2017.07.13-21.24.59:798][  0]LogWindows:    2. 'Intel(R) HD Graphics 4000' (P:0 D:0)
[2017.07.13-21.24.59:799][  0]LogWindows: DebugString: FoundDriverCount:3 
[2017.07.13-21.24.59:799][  0]LogD3D11RHI:     Adapter Name: Intel(R) HD Graphics 4000
[2017.07.13-21.24.59:799][  0]LogD3D11RHI:   Driver Version: 10.18.10.4358 (internal:10.18.10.4358, unified:10.18.10.4358)
[2017.07.13-21.24.59:799][  0]LogD3D11RHI:      Driver Date: 12-21-2015
[2017.07.13-21.24.59:799][  0]LogRHI: Texture pool is 638 MB (70% of 912 MB)
[2017.07.13-21.24.59:803][  0]LogD3D11RHI: Async texture creation enabled
[2017.07.13-21.24.59:810][  0]LogD3D11RHI: GPU Timing Frequency: 12.500000 (Debug: 2 0)
[2017.07.13-21.24.59:812][  0]LogShaderCompilers: Guid format shader working directory is -36 characters bigger than the processId version (C:/Users/yugch/Documents/SOAR Stuff/UE4-Integration-master/Eaters Game/BasicEaters/Intermediate/Shaders/WorkingDirectory/4280/).
[2017.07.13-21.24.59:812][  0]LogShaderCompilers: Cleaned the shader compiler working directory 'C:/Users/yugch/AppData/Local/Temp/UnrealShaderWorkingDir/FC7DA2FF4F944CEF440E508AC736B022/'.
[2017.07.13-21.24.59:812][  0]LogShaderCompilers:Display: Using Local Shader Compiler.
[2017.07.13-21.25.02:541][  0]LogTemp:Display: Loaded TP AllDesktopTargetPlatform
[2017.07.13-21.25.02:617][  0]LogTemp:Display: Loaded TP MacClientTargetPlatform
[2017.07.13-21.25.02:692][  0]LogTemp:Display: Loaded TP MacNoEditorTargetPlatform
[2017.07.13-21.25.02:768][  0]LogTemp:Display: Loaded TP MacServerTargetPlatform
[2017.07.13-21.25.02:870][  0]LogTemp:Display: Loaded TP MacTargetPlatform
[2017.07.13-21.25.02:948][  0]LogTemp:Display: Loaded TP WindowsClientTargetPlatform
[2017.07.13-21.25.03:024][  0]LogTemp:Display: Loaded TP WindowsNoEditorTargetPlatform
[2017.07.13-21.25.03:099][  0]LogTemp:Display: Loaded TP WindowsServerTargetPlatform
[2017.07.13-21.25.03:164][  0]LogTemp:Display: Loaded TP WindowsTargetPlatform
[2017.07.13-21.25.03:238][  0]LogTemp:Display: Loaded TP AndroidTargetPlatform
[2017.07.13-21.25.03:311][  0]LogTemp:Display: Loaded TP Android_ASTCTargetPlatform
[2017.07.13-21.25.03:388][  0]LogTemp:Display: Loaded TP Android_ATCTargetPlatform
[2017.07.13-21.25.03:463][  0]LogTemp:Display: Loaded TP Android_DXTTargetPlatform
[2017.07.13-21.25.03:537][  0]LogTemp:Display: Loaded TP Android_ETC1TargetPlatform
[2017.07.13-21.25.03:610][  0]LogTemp:Display: Loaded TP Android_ETC2TargetPlatform
[2017.07.13-21.25.03:758][  0]LogTemp:Display: Loaded TP Android_MultiTargetPlatform
[2017.07.13-21.25.03:758][  0]LogTemp:Display: Loaded TP Android_PVRTCTargetPlatform
[2017.07.13-21.25.03:814][  0]LogTemp:Display: Loaded TP HTML5TargetPlatform
[2017.07.13-21.25.03:940][  0]LogTemp:Display: Loaded TP IOSTargetPlatform
[2017.07.13-21.25.03:990][  0]LogTemp:Display: Loaded TP TVOSTargetPlatform
[2017.07.13-21.25.04:065][  0]LogTemp:Display: Loaded TP LinuxClientTargetPlatform
[2017.07.13-21.25.04:139][  0]LogTemp:Display: Loaded TP LinuxNoEditorTargetPlatform
[2017.07.13-21.25.04:214][  0]LogTemp:Display: Loaded TP LinuxServerTargetPlatform
[2017.07.13-21.25.04:289][  0]LogTemp:Display: Loaded TP LinuxTargetPlatform
[2017.07.13-21.25.04:289][  0]LogTargetPlatformManager:Display: Building Assets For Windows
[2017.07.13-21.25.04:996][  0]LogDerivedDataCache:Display: Max Cache Size: 512 MB
[2017.07.13-21.25.05:140][  0]LogDerivedDataCache: Loaded boot cache 0.14s 90MB C:/Users/yugch/AppData/Local/UnrealEngine/4.16/DerivedDataCache/Boot.ddc.
[2017.07.13-21.25.05:140][  0]LogDerivedDataCache:Display: Loaded Boot cache: C:/Users/yugch/AppData/Local/UnrealEngine/4.16/DerivedDataCache/Boot.ddc
[2017.07.13-21.25.05:140][  0]LogDerivedDataCache: FDerivedDataBackendGraph:  Pak pak cache file C:/Users/yugch/Documents/SOAR Stuff/UE4-Integration-master/Eaters Game/BasicEaters/DerivedDataCache/DDC.ddp not found, will not use a pak cache.
[2017.07.13-21.25.05:140][  0]LogDerivedDataCache: Unable to find inner node Pak for hierarchical cache Hierarchy.
[2017.07.13-21.25.05:140][  0]LogDerivedDataCache: FDerivedDataBackendGraph:  CompressedPak pak cache file C:/Users/yugch/Documents/SOAR Stuff/UE4-Integration-master/Eaters Game/BasicEaters/DerivedDataCache/Compressed.ddp not found, will not use a pak cache.
[2017.07.13-21.25.05:140][  0]LogDerivedDataCache: Unable to find inner node CompressedPak for hierarchical cache Hierarchy.
[2017.07.13-21.25.05:168][  0]LogDerivedDataCache:Display: Pak cache opened for reading ../../../Engine/DerivedDataCache/Compressed.ddp.
[2017.07.13-21.25.05:181][  0]LogDerivedDataCache: Using Local data cache path C:/Users/yugch/AppData/Local/UnrealEngine/Common/DerivedDataCache: Writable
[2017.07.13-21.25.05:199][  0]LogMaterial: Verifying Global Shaders for PCD3D_SM5
[2017.07.13-21.25.05:199][  0]LogSlate: Using Freetype 2.6.0
[2017.07.13-21.25.05:200][  0]LogSlate: SlateFontCache - WITH_FREETYPE: 1, WITH_HARFBUZZ: 1
[2017.07.13-21.25.05:200][  0]LogSlate: SlateFontCache - WITH_FREETYPE: 1, WITH_HARFBUZZ: 1
[2017.07.13-21.25.05:792][  0]LogInit: Selected Device Profile: [Windows]
[2017.07.13-21.25.05:948][  0]LogContentStreaming: Texture pool size is 0.00 MB
[2017.07.13-21.25.06:240][  0]LogMeshUtilities: Using QuadricMeshReduction for automatic static mesh reduction
[2017.07.13-21.25.06:303][  0]LogSimplygon: Simplygon DLL not present - disabling.
[2017.07.13-21.25.06:370][  0]LogMeshUtilities: Using SimplygonSwarm for distributed automatic mesh merging
[2017.07.13-21.25.06:370][  0]LogMeshUtilities: No automatic skeletal mesh reduction module available
[2017.07.13-21.25.06:370][  0]LogMeshUtilities: No automatic mesh merging module available
[2017.07.13-21.25.07:588][  0]LogNetVersion: BasicEaters , NetCL: 3452394, EngineNetVer: 2, GameNetVer: 0 (Checksum: 2317158986)
[2017.07.13-21.25.07:736][  0]LogAssetRegistry: FAssetRegistry took 0.0322 seconds to start up
[2017.07.13-21.25.07:873][  0]LogPackageLocalizationCache: Processed 4 localized package path(s) for 2 prioritized culture(s) in 0.076256 seconds
[2017.07.13-21.25.07:882][  0]LogUObjectArray: 34194 objects as part of root set at end of initial load.
[2017.07.13-21.25.07:882][  0]LogUObjectAllocator: 7260424 out of 0 bytes used by permanent object pool.
[2017.07.13-21.25.07:882][  0]LogUObjectArray: CloseDisregardForGC: 0/0 objects in disregard for GC pool
[2017.07.13-21.25.07:978][  0]LogInit: WinSock: version 1.1 (2.2), MaxSocks=32767, MaxUdp=65467
[2017.07.13-21.25.12:222][  0]LogTcpMessaging: Initializing TcpMessaging bridge
[2017.07.13-21.25.12:299][  0]LogUdpMessaging: Initializing bridge on interface 0.0.0.0:0 to multicast group 230.0.0.1:6666.
[2017.07.13-21.25.13:119][  0]LogMaterial: Uniform references updated for custom material expression Custom.
[2017.07.13-21.25.13:704][  0]SourceControl: Info Source control is disabled
[2017.07.13-21.25.13:790][  0]SourceControl: Info Source control is disabled
[2017.07.13-21.25.13:857][  0]SourceControl: Info Source control is disabled
[2017.07.13-21.25.13:922][  0]SourceControl: Info Source control is disabled
[2017.07.13-21.25.14:863][  0]LogAndroidPermission: UAndroidPermissionCallbackProxy::GetInstance
[2017.07.13-21.25.15:760][  0]LogEngine: Initializing Engine...
[2017.07.13-21.25.15:761][  0]LogHMD: Failed to initialize OpenVR with code 110
[2017.07.13-21.25.16:197][  0]LogStats: UGameplayTagsManager::ConstructGameplayTagTree: Construct from data asset -  0.000 s
[2017.07.13-21.25.16:197][  0]LogStats: UGameplayTagsManager::ConstructGameplayTagTree: GameplayTagTreeChangedEvent.Broadcast -  0.000 s
[2017.07.13-21.25.16:522][  0]LogAIModule: Creating AISystem for world Untitled
[2017.07.13-21.25.16:543][  0]LogInit: XAudio2 using 'Speakers / Headphones (Realtek High Definition Audio)' : 2 channels at 48 kHz using 32 bits per sample (channel mask 0x3)
[2017.07.13-21.25.16:740][  0]LogInit: FAudioDevice initialized.
[2017.07.13-21.25.16:804][  0]LogDerivedDataCache: Saved boot cache 0.06s 90MB C:/Users/yugch/AppData/Local/UnrealEngine/4.16/DerivedDataCache/Boot.ddc.
[2017.07.13-21.25.16:816][  0]LogInit: Texture streaming: Enabled
[2017.07.13-21.25.17:030][  0]LogEngineSessionManager: EngineSessionManager initialized
[2017.07.13-21.25.17:757][  0]LogInit: Transaction tracking system initialized
[2017.07.13-21.25.18:452][  0]BlueprintLog: New page: Editor Load
[2017.07.13-21.25.20:504][  0]LocalizationService: Info Localization service is disabled
[2017.07.13-21.25.22:838][  0]LogConsoleResponse:Display: 
[2017.07.13-21.25.23:355][  0]LogCook:Display: Max memory allowance for cook 16384mb min free memory 0mb
[2017.07.13-21.25.23:355][  0]LogCook:Display: Mobile HDR setting 1
[2017.07.13-21.25.23:470][  0]LogFileCache: Scanning file cache for directory 'C:/Users/yugch/Documents/SOAR Stuff/UE4-Integration-master/Eaters Game/BasicEaters/Content/' took 0.03s
[2017.07.13-21.25.26:636][  0]SourceControl: Info Source control is disabled
[2017.07.13-21.25.26:636][  0]Cmd: MAP LOAD FILE="C:/Users/yugch/Documents/SOAR Stuff/UE4-Integration-master/Eaters Game/BasicEaters/Content/StarterContent/Maps/Minimal_Default.umap" TEMPLATE=0 SHOWPROGRESS=1 FEATURELEVEL=3
[2017.07.13-21.25.26:638][  0]LightingResults: New page: Lighting Build
[2017.07.13-21.25.26:796][  0]MapCheck: New page: Map Check
[2017.07.13-21.25.26:796][  0]LightingResults: New page: Lighting Build
[2017.07.13-21.25.27:383][  0]LogLinker:Warning: Can't find file '/Game/StarterContent/Maps/Minimal_Default_BuiltData'
[2017.07.13-21.25.27:383][  0]LogLinker:Warning: Can't find file for asset '/Game/StarterContent/Maps/Minimal_Default_BuiltData' while loading C:/Users/yugch/Documents/SOAR Stuff/UE4-Integration-master/Eaters Game/BasicEaters/Content/StarterContent/Maps/Minimal_Default.umap.
[2017.07.13-21.25.27:383][  0]LoadErrors:Error: Error /Game/StarterContent/Maps/Minimal_Default : Can't find file for asset. /Game/StarterContent/Maps/Minimal_Default_BuiltData
[2017.07.13-21.25.27:548][  0]LogLinker:Warning: Can't find file '/Game/StarterContent/Maps/Minimal_Default_BuiltData'
[2017.07.13-21.25.27:548][  0]LogLinker:Warning: Can't find file for asset '/Game/StarterContent/Maps/Minimal_Default_BuiltData' while loading C:/Users/yugch/Documents/SOAR Stuff/UE4-Integration-master/Eaters Game/BasicEaters/Content/StarterContent/Maps/Minimal_Default.umap.
[2017.07.13-21.25.27:548][  0]LoadErrors:Error: Error /Game/StarterContent/Maps/Minimal_Default : Can't find file for asset. /Game/StarterContent/Maps/Minimal_Default_BuiltData
[2017.07.13-21.25.27:552][  0]LogLinker:Warning: Can't find file '/Game/StarterContent/Maps/Minimal_Default_BuiltData'
[2017.07.13-21.25.27:552][  0]LogLinker:Warning: Can't find file for asset '/Game/StarterContent/Maps/Minimal_Default_BuiltData' while loading NULL.
[2017.07.13-21.25.27:553][  0]LogLinker:Warning: Can't find file '/Game/StarterContent/Maps/Minimal_Default_BuiltData'
[2017.07.13-21.25.27:553][  0]LogLinker:Warning: Can't find file for asset '/Game/StarterContent/Maps/Minimal_Default_BuiltData' while loading NULL.
[2017.07.13-21.25.27:604][  0]LogLinker:Warning: Can't find file '/Game/StarterContent/Maps/Minimal_Default_BuiltData'
[2017.07.13-21.25.27:604][  0]LoadErrors: Info Failed to load /Game/StarterContent/Maps/Minimal_Default_BuiltData.Minimal_Default_BuiltData Referenced by PersistentLevel
[2017.07.13-21.25.27:605][  0]LogLinker:Warning: Can't find file for asset '/Game/StarterContent/Maps/Minimal_Default_BuiltData' while loading NULL.
[2017.07.13-21.25.27:605][  0]LoadErrors: Info Failed to load /Game/StarterContent/Maps/Minimal_Default_BuiltData.Minimal_Default_BuiltData Referenced by PersistentLevel
[2017.07.13-21.25.28:164][  0]LogAIModule: Creating AISystem for world Minimal_Default
[2017.07.13-21.25.28:487][  0]LogEditorServer: Finished looking for orphan Actors (0.000 secs)
[2017.07.13-21.25.28:603][  0]Cmd: MAP CHECKDEP NOCLEARLOG
[2017.07.13-21.25.28:722][  0]MapCheck: Info Map check complete: 0 Error(s), 0 Warning(s), took 118.575ms to complete.
[2017.07.13-21.25.28:722][  0]LogFileHelpers: Loading map 'Minimal_Default' took 2.086
[2017.07.13-21.25.28:805][  0]LogWindowsTextInputMethodSystem:Display: IME system now deactivated.
[2017.07.13-21.25.30:061][  0]LogCollectionManager: Loaded 0 collections in 0.003934 seconds
[2017.07.13-21.25.30:384][  0]LogFileCache: Scanning file cache for directory 'C:/Users/yugch/Documents/SOAR Stuff/UE4-Integration-master/Eaters Game/BasicEaters/Saved/Collections/' took 0.01s
[2017.07.13-21.25.30:384][  0]LogFileCache: Scanning file cache for directory 'C:/Users/yugch/Documents/SOAR Stuff/UE4-Integration-master/Eaters Game/BasicEaters/Content/Developers/yugch/Collections/' took 0.01s
[2017.07.13-21.25.30:384][  0]LogFileCache: Scanning file cache for directory 'C:/Users/yugch/Documents/SOAR Stuff/UE4-Integration-master/Eaters Game/BasicEaters/Content/Collections/' took 0.01s
[2017.07.13-21.25.30:384][  0]LogCollectionManager: Rebuilt the GUID cache for 0 collections in 0.000008 seconds
[2017.07.13-21.25.30:443][  0]LogContentBrowser: Native class hierarchy populated in 0.0541 seconds. Added 2334 classes and 493 folders.
[2017.07.13-21.25.30:836][  0]LogContentBrowser: Native class hierarchy updated for 'WidgetCarousel' in 0.0071 seconds. Added 0 classes and 0 folders.
[2017.07.13-21.25.32:595][  0]LogContentBrowser: Native class hierarchy updated for 'AddContentDialog' in 0.0070 seconds. Added 0 classes and 0 folders.
[2017.07.13-21.25.32:802][  0]LogContentBrowser: Native class hierarchy updated for 'SceneOutliner' in 0.0036 seconds. Added 1 classes and 2 folders.
[2017.07.13-21.25.33:458][  0]LogCrashTracker: Crashtracker disabled due to settings.
[2017.07.13-21.25.33:657][  0]LogSlate: Took 0.036641 seconds to synchronously load lazily loaded font '../../../Engine/Content/Slate/Fonts/Roboto-Regular.ttf' (155K)
[2017.07.13-21.25.33:684][  0]LogSlate: Took 0.020182 seconds to synchronously load lazily loaded font '../../../Engine/Content/Slate/Fonts/Roboto-Bold.ttf' (160K)
[2017.07.13-21.25.33:821][  0]LogSlate: Took 0.021784 seconds to synchronously load lazily loaded font '../../../Engine/Content/Editor/Slate/Fonts/FontAwesome.ttf' (139K)
[2017.07.13-21.25.34:733][  0]LogRenderer: Reallocating scene render targets to support 856x372 NumSamples 1 (Frame:1).
[2017.07.13-21.25.36:519][  0]LogSlate: Took 0.033590 seconds to synchronously load lazily loaded font '../../../Engine/Content/Slate/Fonts/Roboto-Light.ttf' (159K)
[2017.07.13-21.25.36:888][  0]LogUObjectGlobals:Warning: Failed to find object 'Class None.'
[2017.07.13-21.25.37:105][  0]LogContentBrowser: Native class hierarchy updated for 'HierarchicalLODOutliner' in 0.0067 seconds. Added 1 classes and 2 folders.
[2017.07.13-21.25.37:105][  0]LogLoad: (Engine Initialization) Total time: 283.34 seconds
[2017.07.13-21.25.37:105][  0]LogLoad: (Engine Initialization) Total Blueprint compile time: 0.19 seconds
[2017.07.13-21.25.37:105][  0]LogExternalProfiler: Found external profiler: VSPerf
[2017.07.13-21.25.37:105][  0]LogExternalProfiler: Using external profiler: VSPerf
[2017.07.13-21.25.37:136][  0]LogOcInput: OculusInput pre-init called
[2017.07.13-21.25.37:136][  0]LogHMD: Starting GearVRController plugin
[2017.07.13-21.25.37:285][  0]LogContentStreaming: Texture pool size now 1000 MB
[2017.07.13-21.25.38:270][  4]LogAssetRegistry: Asset discovery search completed in 30.5560 seconds
[2017.07.13-21.25.38:274][  4]LogCollectionManager: Rebuilt the object cache for 0 collections in 0.000001 seconds (found 0 objects)
[2017.07.13-21.25.38:274][  4]LogCollectionManager: Fixed up redirectors for 0 collections in 0.000079 seconds (updated 0 objects)
[2017.07.13-21.26.10:769][292]LogSlate: Took 0.000708 seconds to synchronously load lazily loaded font '../../../Engine/Content/Slate/Fonts/Roboto-Light.ttf' (159K)
[2017.07.13-21.26.15:032][478]LogSlate: Took 0.000255 seconds to synchronously load lazily loaded font '../../../Engine/Content/Slate/Fonts/Roboto-Light.ttf' (159K)
[2017.07.13-21.26.59:759][822]LogVSAccessor:Warning: Couldn't goto line number '0' in 'C:/Users/yugch/Documents/SOAR Stuff/UE4-Integration-master/Eaters Game/BasicEaters/Source/BasicEaters/Eater1.h'
[2017.07.13-21.26.59:917][822]LogVSAccessor:Warning: Couldn't goto line number '0' in 'C:/Users/yugch/Documents/SOAR Stuff/UE4-Integration-master/Eaters Game/BasicEaters/Source/BasicEaters/Eater1.cpp'
[2017.07.13-21.31.14:974][556]LogWindowsTextInputMethodSystem:Display: IME system now deactivated.
[2017.07.13-21.31.15:660][557]Cmd: QUIT_EDITOR
[2017.07.13-21.31.16:031][557]LogExit: Preparing to exit.
[2017.07.13-21.31.17:162][557]LogExit: Editor shut down
[2017.07.13-21.31.17:172][557]LogExit: Transaction tracking system shut down
[2017.07.13-21.31.18:239][557]LogObj: Freed 0b from 0 cluster array pools.
[2017.07.13-21.31.18:239][557]LogExit: Object subsystem successfully closed.
[2017.07.13-21.31.18:282][557]LogD3D11RHI: Shutdown
[2017.07.13-21.31.18:282][557]LogD3D11RHI: CleanupD3DDevice
[2017.07.13-21.31.18:422][557]LogD3D11RHI: ~FD3D11DynamicRHI
[2017.07.13-21.31.18:694][557]LogModuleManager: Shutting down and abandoning module HierarchicalLODOutliner (526)
[2017.07.13-21.31.18:695][557]LogModuleManager: Shutting down and abandoning module CrashTracker (524)
[2017.07.13-21.31.18:695][557]LogModuleManager: Shutting down and abandoning module SceneOutliner (522)
[2017.07.13-21.31.18:707][557]LogModuleManager: Shutting down and abandoning module AddContentDialog (520)
[2017.07.13-21.31.18:724][557]LogDirectoryWatcher: A directory notification for 'D:/Program Files (x86)/UE_4.16/FeaturePacks/' was aborted.
[2017.07.13-21.31.18:726][557]LogModuleManager: Shutting down and abandoning module WidgetCarousel (519)
[2017.07.13-21.31.18:726][557]LogModuleManager: Shutting down and abandoning module EditorWidgets (516)
[2017.07.13-21.31.18:727][557]LogModuleManager: Shutting down and abandoning module CollectionManager (514)
[2017.07.13-21.31.18:727][557]LogDirectoryWatcher: A directory notification for 'C:/Users/yugch/Documents/SOAR Stuff/UE4-Integration-master/Eaters Game/BasicEaters/Content/Collections/' was aborted.
[2017.07.13-21.31.18:727][557]LogDirectoryWatcher: A directory notification for 'C:/Users/yugch/Documents/SOAR Stuff/UE4-Integration-master/Eaters Game/BasicEaters/Content/Developers/yugch/Collections/' was aborted.
[2017.07.13-21.31.18:727][557]LogDirectoryWatcher: A directory notification for 'C:/Users/yugch/Documents/SOAR Stuff/UE4-Integration-master/Eaters Game/BasicEaters/Saved/Collections/' was aborted.
[2017.07.13-21.31.18:727][557]LogModuleManager: Shutting down and abandoning module StatsViewer (512)
[2017.07.13-21.31.18:734][557]LogModuleManager: Shutting down and abandoning module FoliageEdit (510)
[2017.07.13-21.31.18:734][557]LogModuleManager: Shutting down and abandoning module LandscapeEditor (508)
[2017.07.13-21.31.18:742][557]LogModuleManager: Shutting down and abandoning module MeshPaintMode (506)
[2017.07.13-21.31.18:742][557]LogModuleManager: Shutting down and abandoning module SceneDepthPickerMode (504)
[2017.07.13-21.31.18:742][557]LogModuleManager: Shutting down and abandoning module ActorPickerMode (502)
[2017.07.13-21.31.18:742][557]LogModuleManager: Shutting down and abandoning module GeometryMode (500)
[2017.07.13-21.31.18:742][557]LogModuleManager: Shutting down and abandoning module TextureAlignMode (498)
[2017.07.13-21.31.18:742][557]LogModuleManager: Shutting down and abandoning module BspMode (496)
[2017.07.13-21.31.18:742][557]LogModuleManager: Shutting down and abandoning module HardwareSurvey (494)
[2017.07.13-21.31.18:742][557]LogModuleManager: Shutting down and abandoning module SequenceRecorderSections (492)
[2017.07.13-21.31.18:742][557]LogModuleManager: Shutting down and abandoning module AutomationWorker (490)
[2017.07.13-21.31.18:742][557]LogModuleManager: Shutting down and abandoning module MatineeToLevelSequence (488)
[2017.07.13-21.31.18:742][557]LogModuleManager: Shutting down and abandoning module LevelSequenceEditor (486)
[2017.07.13-21.31.18:750][557]LogModuleManager: Shutting down and abandoning module PlacementMode (485)
[2017.07.13-21.31.18:750][557]LogModuleManager: Shutting down and abandoning module WmfMediaFactory (482)
[2017.07.13-21.31.18:750][557]LogModuleManager: Shutting down and abandoning module WmfMediaEditor (480)
[2017.07.13-21.31.18:750][557]LogModuleManager: Shutting down and abandoning module AvfMediaFactory (478)
[2017.07.13-21.31.18:750][557]LogModuleManager: Shutting down and abandoning module AvfMediaEditor (476)
[2017.07.13-21.31.18:750][557]LogModuleManager: Shutting down and abandoning module AndroidMediaFactory (474)
[2017.07.13-21.31.18:750][557]LogModuleManager: Shutting down and abandoning module Media (473)
[2017.07.13-21.31.18:750][557]LogModuleManager: Shutting down and abandoning module AndroidMediaEditor (470)
[2017.07.13-21.31.18:750][557]LogModuleManager: Shutting down and abandoning module CharacterAI (468)
[2017.07.13-21.31.18:750][557]LogModuleManager: Shutting down and abandoning module AudioCapture (466)
[2017.07.13-21.31.18:761][557]LogModuleManager: Shutting down and abandoning module SequenceRecorder (465)
[2017.07.13-21.31.18:780][557]LogModuleManager: Shutting down and abandoning module SmartSnapping (462)
[2017.07.13-21.31.18:780][557]LogModuleManager: Shutting down and abandoning module SessionServices (460)
[2017.07.13-21.31.18:780][557]LogModuleManager: Shutting down and abandoning module ViewportSnapping (458)
[2017.07.13-21.31.18:780][557]LogModuleManager: Shutting down and abandoning module ViewportInteraction (456)
[2017.07.13-21.31.18:780][557]LogModuleManager: Shutting down and abandoning module ClothPainter (454)
[2017.07.13-21.31.18:791][557]LogModuleManager: Shutting down and abandoning module LogVisualizer (452)
[2017.07.13-21.31.18:791][557]LogModuleManager: Shutting down and abandoning module IntroTutorials (450)
[2017.07.13-21.31.18:806][557]LogModuleManager: Shutting down and abandoning module GameProjectGeneration (449)
[2017.07.13-21.31.18:838][557]LogModuleManager: Shutting down and abandoning module EditorLiveStreaming (446)
[2017.07.13-21.31.18:838][557]LogModuleManager: Shutting down and abandoning module IOSPlatformEditor (444)
[2017.07.13-21.31.18:838][557]LogModuleManager: Shutting down and abandoning module HTML5PlatformEditor (442)
[2017.07.13-21.31.18:838][557]LogModuleManager: Shutting down and abandoning module AndroidPlatformEditor (440)
[2017.07.13-21.31.18:838][557]LogModuleManager: Shutting down and abandoning module AndroidDeviceDetection (439)
[2017.07.13-21.31.19:099][557]LogModuleManager: Shutting down and abandoning module IOSRuntimeSettings (436)
[2017.07.13-21.31.19:099][557]LogModuleManager: Shutting down and abandoning module AndroidRuntimeSettings (434)
[2017.07.13-21.31.19:099][557]LogModuleManager: Shutting down and abandoning module InputBindingEditor (432)
[2017.07.13-21.31.19:099][557]LogModuleManager: Shutting down and abandoning module MergeActors (430)
[2017.07.13-21.31.19:099][557]LogModuleManager: Shutting down and abandoning module SizeMap (428)
[2017.07.13-21.31.19:099][557]LogModuleManager: Shutting down and abandoning module TreeMap (426)
[2017.07.13-21.31.19:099][557]LogModuleManager: Shutting down and abandoning module ReferenceViewer (424)
[2017.07.13-21.31.19:099][557]LogModuleManager: Shutting down and abandoning module LocalizationDashboard (422)
[2017.07.13-21.31.19:099][557]LogModuleManager: Shutting down and abandoning module LocalizationService (421)
[2017.07.13-21.31.19:099][557]LogModuleManager: Shutting down and abandoning module HardwareTargeting (418)
[2017.07.13-21.31.19:099][557]LogModuleManager: Shutting down and abandoning module DeviceProfileEditor (416)
[2017.07.13-21.31.19:099][557]LogModuleManager: Shutting down and abandoning module UndoHistory (414)
[2017.07.13-21.31.19:099][557]LogModuleManager: Shutting down and abandoning module UserFeedback (412)
[2017.07.13-21.31.19:099][557]LogModuleManager: Shutting down and abandoning module XmlParser (410)
[2017.07.13-21.31.19:099][557]LogModuleManager: Shutting down and abandoning module Blutility (408)
[2017.07.13-21.31.19:099][557]LogModuleManager: Shutting down and abandoning module ProjectSettingsViewer (406)
[2017.07.13-21.31.19:099][557]LogModuleManager: Shutting down and abandoning module ProjectTargetPlatformEditor (405)
[2017.07.13-21.31.19:100][557]LogModuleManager: Shutting down and abandoning module EditorSettingsViewer (402)
[2017.07.13-21.31.19:100][557]LogModuleManager: Shutting down and abandoning module SettingsEditor (400)
[2017.07.13-21.31.19:100][557]LogModuleManager: Shutting down and abandoning module ProjectLauncher (398)
[2017.07.13-21.31.19:100][557]LogModuleManager: Shutting down and abandoning module SessionFrontend (396)
[2017.07.13-21.31.19:100][557]LogModuleManager: Shutting down and abandoning module ProfilerClient (394)
[2017.07.13-21.31.19:100][557]LogModuleManager: Shutting down and abandoning module DeviceManager (392)
[2017.07.13-21.31.19:100][557]LogModuleManager: Shutting down and abandoning module TargetDeviceServices (391)
[2017.07.13-21.31.19:151][557]LogModuleManager: Shutting down and abandoning module AutomationController (388)
[2017.07.13-21.31.19:151][557]LogModuleManager: Shutting down and abandoning module AutomationWindow (386)
[2017.07.13-21.31.19:151][557]LogModuleManager: Shutting down and abandoning module Layers (384)
[2017.07.13-21.31.19:151][557]LogModuleManager: Shutting down and abandoning module ComponentVisualizers (382)
[2017.07.13-21.31.19:151][557]LogModuleManager: Shutting down and abandoning module DetailCustomizations (380)
[2017.07.13-21.31.19:174][557]LogModuleManager: Shutting down and abandoning module PackagesDialog (378)
[2017.07.13-21.31.19:174][557]LogModuleManager: Shutting down and abandoning module Persona (376)
[2017.07.13-21.31.19:188][557]LogModuleManager: Shutting down and abandoning module AdvancedPreviewScene (375)
[2017.07.13-21.31.19:188][557]LogModuleManager: Shutting down and abandoning module AnimGraph (373)
[2017.07.13-21.31.19:188][557]LogModuleManager: Shutting down and abandoning module Kismet (370)
[2017.07.13-21.31.19:198][557]LogModuleManager: Shutting down and abandoning module ClassViewer (368)
[2017.07.13-21.31.19:198][557]LogModuleManager: Shutting down and abandoning module Toolbox (366)
[2017.07.13-21.31.19:198][557]LogModuleManager: Shutting down and abandoning module ModuleUI (364)
[2017.07.13-21.31.19:198][557]LogModuleManager: Shutting down and abandoning module MovieSceneTools (362)
[2017.07.13-21.31.19:200][557]LogModuleManager: Shutting down and abandoning module OutputLog (360)
[2017.07.13-21.31.19:200][557]LogModuleManager: Shutting down and abandoning module GammaUI (358)
[2017.07.13-21.31.19:200][557]LogModuleManager: Shutting down and abandoning module Documentation (356)
[2017.07.13-21.31.19:200][557]LogModuleManager: Shutting down and abandoning module MovieSceneTracks (354)
[2017.07.13-21.31.19:200][557]LogModuleManager: Shutting down and abandoning module MovieScene (352)
[2017.07.13-21.31.19:200][557]LogModuleManager: Shutting down and abandoning module Niagara (350)
[2017.07.13-21.31.19:200][557]LogModuleManager: Shutting down and abandoning module NiagaraEditor (349)
[2017.07.13-21.31.19:200][557]LogModuleManager: Shutting down and abandoning module StreamingPauseRendering (346)
[2017.07.13-21.31.19:200][557]LogModuleManager: Shutting down and abandoning module AnalyticsET (344)
[2017.07.13-21.31.19:200][557]LogModuleManager: Shutting down and abandoning module PortalServices (342)
[2017.07.13-21.31.19:200][557]LogModuleManager: Shutting down and abandoning module PortalRpc (340)
[2017.07.13-21.31.19:200][557]LogModuleManager: Shutting down and abandoning module MessagingRpc (338)
[2017.07.13-21.31.19:200][557]LogModuleManager: Shutting down and abandoning module AIModule (336)
[2017.07.13-21.31.19:200][557]LogModuleManager: Shutting down and abandoning module GameplayDebugger (335)
[2017.07.13-21.31.19:201][557]LogModuleManager: Shutting down and abandoning module AITestSuite (333)
[2017.07.13-21.31.19:201][557]LogModuleManager: Shutting down and abandoning module ProfilerService (330)
[2017.07.13-21.31.19:205][557]LogModuleManager: Shutting down and abandoning module TaskGraph (328)
[2017.07.13-21.31.19:205][557]LogModuleManager: Shutting down and abandoning module SteamVRController (326)
[2017.07.13-21.31.19:205][557]LogModuleManager: Shutting down and abandoning module SteamVR (324)
[2017.07.13-21.31.19:205][557]LogModuleManager: Shutting down and abandoning module ProceduralMeshComponentEditor (322)
[2017.07.13-21.31.19:205][557]LogModuleManager: Shutting down and abandoning module ProceduralMeshComponent (320)
[2017.07.13-21.31.19:205][557]LogModuleManager: Shutting down and abandoning module OculusLibrary (318)
[2017.07.13-21.31.19:205][557]LogModuleManager: Shutting down and abandoning module OculusInput (316)
[2017.07.13-21.31.19:205][557]LogModuleManager: Shutting down and abandoning module MobilePatchingUtils (314)
[2017.07.13-21.31.19:205][557]LogModuleManager: Shutting down and abandoning module CustomMeshComponent (312)
[2017.07.13-21.31.19:205][557]LogModuleManager: Shutting down and abandoning module CableComponent (310)
[2017.07.13-21.31.19:205][557]LogModuleManager: Shutting down and abandoning module ArchVisCharacter (308)
[2017.07.13-21.31.19:205][557]LogModuleManager: Shutting down and abandoning module AndroidPermission (306)
[2017.07.13-21.31.19:205][557]LogModuleManager: Shutting down and abandoning module MediaPlayerEditor (302)
[2017.07.13-21.31.19:205][557]LogModuleManager: Shutting down and abandoning module HTML5Networking (300)
[2017.07.13-21.31.19:205][557]LogModuleManager: Shutting down and abandoning module AlembicImporter (298)
[2017.07.13-21.31.19:205][557]LogModuleManager: Shutting down and abandoning module AlembicLibrary (297)
[2017.07.13-21.31.19:205][557]LogModuleManager: Shutting down and abandoning module GeometryCache (296)
[2017.07.13-21.31.19:205][557]LogModuleManager: Shutting down and abandoning module GeometryCacheEd (295)
[2017.07.13-21.31.19:205][557]LogModuleManager: Shutting down and abandoning module SuperSearchEditor (290)
[2017.07.13-21.31.19:205][557]LogModuleManager: Shutting down and abandoning module SuperSearch (289)
[2017.07.13-21.31.19:205][557]LogModuleManager: Shutting down and abandoning module SpeedTreeImporter (286)
[2017.07.13-21.31.19:205][557]LogModuleManager: Shutting down and abandoning module PluginBrowser (284)
[2017.07.13-21.31.19:206][557]LogModuleManager: Shutting down and abandoning module MobileLauncherProfileWizard (282)
[2017.07.13-21.31.19:206][557]LogModuleManager: Shutting down and abandoning module VisualStudioSourceCodeAccess (280)
[2017.07.13-21.31.19:206][557]LogModuleManager: Shutting down and abandoning module UObjectPlugin (278)
[2017.07.13-21.31.19:206][557]LogModuleManager: Shutting down and abandoning module SubversionSourceControl (276)
[2017.07.13-21.31.19:206][557]LogModuleManager: Shutting down and abandoning module PerforceSourceControl (274)
[2017.07.13-21.31.19:206][557]LogModuleManager: Shutting down and abandoning module GitSourceControl (272)
[2017.07.13-21.31.19:206][557]LogModuleManager: Shutting down and abandoning module SourceControl (271)
[2017.07.13-21.31.19:214][557]LogModuleManager: Shutting down and abandoning module LightPropagationVolumeEditor (268)
[2017.07.13-21.31.19:214][557]LogModuleManager: Shutting down and abandoning module PaperTiledImporter (266)
[2017.07.13-21.31.19:214][557]LogModuleManager: Shutting down and abandoning module PaperSpriteSheetImporter (264)
[2017.07.13-21.31.19:214][557]LogModuleManager: Shutting down and abandoning module Paper2DEditor (262)
[2017.07.13-21.31.19:214][557]LogModuleManager: Shutting down and abandoning module MeshPaint (261)
[2017.07.13-21.31.19:214][557]LogModuleManager: Shutting down and abandoning module LevelEditor (259)
[2017.07.13-21.31.19:215][557]LogModuleManager: Shutting down and abandoning module PixelInspectorModule (258)
[2017.07.13-21.31.19:215][557]LogModuleManager: Shutting down and abandoning module MainFrame (256)
[2017.07.13-21.31.19:215][557]LogModuleManager: Shutting down and abandoning module HotReload (255)
[2017.07.13-21.31.19:215][557]LogDirectoryWatcher: A directory notification for 'C:/Users/yugch/Documents/SOAR Stuff/UE4-Integration-master/Eaters Game/BasicEaters/Binaries/Win64' was aborted.
[2017.07.13-21.31.19:216][557]LogModuleManager: Shutting down and abandoning module BasicEaters (250)
[2017.07.13-21.31.19:216][557]LogModuleManager: Shutting down and abandoning module PhysXVehiclesEditor (248)
[2017.07.13-21.31.19:216][557]LogModuleManager: Shutting down and abandoning module PhysXVehicles (246)
[2017.07.13-21.31.19:216][557]LogModuleManager: Shutting down and abandoning module LocationServicesBPLibrary (244)
[2017.07.13-21.31.19:216][557]LogModuleManager: Shutting down and abandoning module ImmediatePhysicsEditor (242)
[2017.07.13-21.31.19:216][557]LogModuleManager: Shutting down and abandoning module ImmediatePhysics (240)
[2017.07.13-21.31.19:216][557]LogModuleManager: Shutting down and abandoning module UdpMessaging (238)
[2017.07.13-21.31.19:317][557]LogModuleManager: Shutting down and abandoning module TcpMessaging (236)
[2017.07.13-21.31.19:418][557]LogModuleManager: Shutting down and abandoning module GameplayTagsEditor (234)
[2017.07.13-21.31.19:418][557]LogModuleManager: Shutting down and abandoning module FacialAnimationEditor (232)
[2017.07.13-21.31.19:418][557]LogModuleManager: Shutting down and abandoning module FacialAnimation (230)
[2017.07.13-21.31.19:418][557]LogModuleManager: Shutting down and abandoning module AssetManagerEditor (228)
[2017.07.13-21.31.19:418][557]LogModuleManager: Shutting down and abandoning module GraphEditor (227)
[2017.07.13-21.31.19:463][557]LogModuleManager: Shutting down and abandoning module ContentBrowser (225)
[2017.07.13-21.31.19:464][557]LogModuleManager: Shutting down and abandoning module LightPropagationVolumeRuntime (222)
[2017.07.13-21.31.19:464][557]LogModuleManager: Shutting down and abandoning module Paper2D (220)
[2017.07.13-21.31.19:464][557]LogModuleManager: Shutting down and abandoning module WindowsMoviePlayer (218)
[2017.07.13-21.31.19:464][557]LogModuleManager: Shutting down and abandoning module WmfMedia (216)
[2017.07.13-21.31.19:464][557]LogModuleManager: Shutting down and abandoning module ClothingSystemEditor (214)
[2017.07.13-21.31.19:464][557]LogModuleManager: Shutting down and abandoning module ClothingSystemRuntime (212)
[2017.07.13-21.31.19:465][557]LogModuleManager: Shutting down and abandoning module MediaAssets (210)
[2017.07.13-21.31.19:465][557]LogModuleManager: Shutting down and abandoning module GameLiveStreaming (208)
[2017.07.13-21.31.19:465][557]LogModuleManager: Shutting down and abandoning module VREditor (206)
[2017.07.13-21.31.19:465][557]LogModuleManager: Shutting down and abandoning module StringTableEditor (204)
[2017.07.13-21.31.19:465][557]LogModuleManager: Shutting down and abandoning module GameplayTasksEditor (202)
[2017.07.13-21.31.19:465][557]LogModuleManager: Shutting down and abandoning module BehaviorTreeEditor (200)
[2017.07.13-21.31.19:465][557]LogModuleManager: Shutting down and abandoning module FunctionalTesting (198)
[2017.07.13-21.31.19:465][557]LogModuleManager: Shutting down and abandoning module CollisionAnalyzer (196)
[2017.07.13-21.31.19:465][557]LogModuleManager: Shutting down and abandoning module UMG (194)
[2017.07.13-21.31.19:475][557]LogModuleManager: Shutting down and abandoning module UMGEditor (193)
[2017.07.13-21.31.19:527][557]LogModuleManager: Shutting down and abandoning module Sequencer (192)
[2017.07.13-21.31.19:542][557]LogModuleManager: Shutting down and abandoning module AssetTools (190)
[2017.07.13-21.31.19:558][557]LogModuleManager: Shutting down and abandoning module MessageLog (189)
[2017.07.13-21.31.19:558][557]LogModuleManager: Shutting down and abandoning module WorkspaceMenuStructure (188)
[2017.07.13-21.31.19:558][557]LogModuleManager: Shutting down and abandoning module SlateReflector (182)
[2017.07.13-21.31.19:558][557]LogModuleManager: Shutting down and abandoning module Slate (180)
[2017.07.13-21.31.19:558][557]LogModuleManager: Shutting down and abandoning module EditorStyle (178)
[2017.07.13-21.31.19:562][557]LogModuleManager: Shutting down and abandoning module SourceCodeAccess (176)
[2017.07.13-21.31.19:562][557]LogModuleManager: Shutting down and abandoning module HeadMountedDisplay (174)
[2017.07.13-21.31.19:562][557]LogModuleManager: Shutting down and abandoning module XAudio2 (172)
[2017.07.13-21.31.19:562][557]LogModuleManager: Shutting down and abandoning module Networking (170)
[2017.07.13-21.31.19:562][557]LogModuleManager: Shutting down and abandoning module Core (166)
[2017.07.13-21.31.19:562][557]LogModuleManager: Shutting down and abandoning module AssetRegistry (164)
[2017.07.13-21.31.19:717][557]LogDirectoryWatcher: A directory notification for '../../../Engine/Content/' was aborted.
[2017.07.13-21.31.19:717][557]LogDirectoryWatcher: A directory notification for 'C:/Users/yugch/Documents/SOAR Stuff/UE4-Integration-master/Eaters Game/BasicEaters/Content/' was aborted.
[2017.07.13-21.31.19:717][557]LogDirectoryWatcher: A directory notification for '../../../Engine/Plugins/2D/Paper2D/Content/' was aborted.
[2017.07.13-21.31.19:717][557]LogDirectoryWatcher: A directory notification for '../../../Engine/Plugins/Runtime/GearVR/Content/' was aborted.
[2017.07.13-21.31.19:728][557]LogModuleManager: Shutting down and abandoning module DirectoryWatcher (163)
[2017.07.13-21.31.19:728][557]LogModuleManager: Shutting down and abandoning module KismetCompiler (160)
[2017.07.13-21.31.19:729][557]LogModuleManager: Shutting down and abandoning module LevelSequence (158)
[2017.07.13-21.31.19:729][557]LogModuleManager: Shutting down and abandoning module PhysXFormats (156)
[2017.07.13-21.31.19:729][557]LogModuleManager: Shutting down and abandoning module MeshUtilities (154)
[2017.07.13-21.31.19:729][557]LogModuleManager: Shutting down and abandoning module SimplygonSwarm (153)
[2017.07.13-21.31.19:729][557]LogModuleManager: Shutting down and abandoning module SimplygonMeshReduction (151)
[2017.07.13-21.31.19:729][557]LogModuleManager: Shutting down and abandoning module QuadricMeshReduction (149)
[2017.07.13-21.31.19:729][557]LogModuleManager: Shutting down and abandoning module DerivedDataCache (146)
[2017.07.13-21.31.19:776][557]LogDerivedDataCache: Shutdown
[2017.07.13-21.31.19:776][557]LogModuleManager: Shutting down and abandoning module TargetPlatform (144)
[2017.07.13-21.31.19:776][557]LogModuleManager: Shutting down and abandoning module VulkanShaderFormat (143)
[2017.07.13-21.31.19:776][557]LogModuleManager: Shutting down and abandoning module ShaderFormatVectorVM (141)
[2017.07.13-21.31.19:776][557]LogModuleManager: Shutting down and abandoning module ShaderFormatOpenGL (139)
[2017.07.13-21.31.19:776][557]LogModuleManager: Shutting down and abandoning module ShaderFormatD3D (137)
[2017.07.13-21.31.19:776][557]LogModuleManager: Shutting down and abandoning module MetalShaderFormat (135)
[2017.07.13-21.31.19:776][557]LogModuleManager: Shutting down and abandoning module TextureFormatUncompressed (133)
[2017.07.13-21.31.19:776][557]LogModuleManager: Shutting down and abandoning module TextureFormatPVR (131)
[2017.07.13-21.31.19:776][557]LogModuleManager: Shutting down and abandoning module TextureFormatDXT (129)
[2017.07.13-21.31.19:776][557]LogModuleManager: Shutting down and abandoning module TextureFormatIntelISPCTexComp (127)
[2017.07.13-21.31.19:778][557]LogModuleManager: Shutting down and abandoning module TextureFormatASTC (125)
[2017.07.13-21.31.19:778][557]LogModuleManager: Shutting down and abandoning module ImageWrapper (124)
[2017.07.13-21.31.19:778][557]LogModuleManager: Shutting down and abandoning module TextureFormatAndroid (121)
[2017.07.13-21.31.19:778][557]LogModuleManager: Shutting down and abandoning module AudioFormatOpus (119)
[2017.07.13-21.31.19:778][557]LogModuleManager: Shutting down and abandoning module AudioFormatOgg (117)
[2017.07.13-21.31.19:778][557]LogModuleManager: Shutting down and abandoning module AudioFormatADPCM (115)
[2017.07.13-21.31.19:778][557]LogModuleManager: Shutting down and abandoning module LinuxTargetPlatform (113)
[2017.07.13-21.31.19:778][557]LogModuleManager: Shutting down and abandoning module LinuxServerTargetPlatform (111)
[2017.07.13-21.31.19:778][557]LogModuleManager: Shutting down and abandoning module LinuxNoEditorTargetPlatform (109)
[2017.07.13-21.31.19:778][557]LogModuleManager: Shutting down and abandoning module LinuxClientTargetPlatform (107)
[2017.07.13-21.31.19:779][557]LogModuleManager: Shutting down and abandoning module TVOSTargetPlatform (105)
[2017.07.13-21.31.19:779][557]LogModuleManager: Shutting down and abandoning module Messaging (103)
[2017.07.13-21.31.19:779][557]LogModuleManager: Shutting down and abandoning module IOSTargetPlatform (101)
[2017.07.13-21.31.19:779][557]LogModuleManager: Shutting down and abandoning module HTML5TargetPlatform (99)
[2017.07.13-21.31.19:779][557]LogModuleManager: Shutting down and abandoning module Android_PVRTCTargetPlatform (97)
[2017.07.13-21.31.19:779][557]LogModuleManager: Shutting down and abandoning module Android_MultiTargetPlatform (95)
[2017.07.13-21.31.19:779][557]LogModuleManager: Shutting down and abandoning module Android_ETC2TargetPlatform (93)
[2017.07.13-21.31.19:779][557]LogModuleManager: Shutting down and abandoning module Android_ETC1TargetPlatform (91)
[2017.07.13-21.31.19:779][557]LogModuleManager: Shutting down and abandoning module Android_DXTTargetPlatform (89)
[2017.07.13-21.31.19:779][557]LogModuleManager: Shutting down and abandoning module Android_ATCTargetPlatform (87)
[2017.07.13-21.31.19:779][557]LogModuleManager: Shutting down and abandoning module Android_ASTCTargetPlatform (85)
[2017.07.13-21.31.19:779][557]LogModuleManager: Shutting down and abandoning module AndroidTargetPlatform (83)
[2017.07.13-21.31.19:779][557]LogModuleManager: Shutting down and abandoning module WindowsTargetPlatform (81)
[2017.07.13-21.31.19:779][557]LogModuleManager: Shutting down and abandoning module WindowsServerTargetPlatform (79)
[2017.07.13-21.31.19:779][557]LogModuleManager: Shutting down and abandoning module WindowsNoEditorTargetPlatform (77)
[2017.07.13-21.31.19:779][557]LogModuleManager: Shutting down and abandoning module WindowsClientTargetPlatform (75)
[2017.07.13-21.31.19:779][557]LogModuleManager: Shutting down and abandoning module MacTargetPlatform (73)
[2017.07.13-21.31.19:779][557]LogModuleManager: Shutting down and abandoning module MacServerTargetPlatform (71)
[2017.07.13-21.31.19:779][557]LogModuleManager: Shutting down and abandoning module MacNoEditorTargetPlatform (69)
[2017.07.13-21.31.19:779][557]LogModuleManager: Shutting down and abandoning module MacClientTargetPlatform (67)
[2017.07.13-21.31.19:779][557]LogModuleManager: Shutting down and abandoning module AllDesktopTargetPlatform (65)
[2017.07.13-21.31.19:779][557]LogModuleManager: Shutting down and abandoning module InputCore (62)
[2017.07.13-21.31.19:779][557]LogModuleManager: Shutting down and abandoning module Settings (60)
[2017.07.13-21.31.19:779][557]LogModuleManager: Shutting down and abandoning module OculusRift (58)
[2017.07.13-21.31.19:779][557]LogModuleManager: Shutting down and abandoning module GearVRController (56)
[2017.07.13-21.31.19:779][557]LogModuleManager: Shutting down and abandoning module GearVR (54)
[2017.07.13-21.31.19:779][557]LogModuleManager: Shutting down and abandoning module ExampleDeviceProfileSelector (52)
[2017.07.13-21.31.19:779][557]LogModuleManager: Shutting down and abandoning module OnlineBlueprintSupport (50)
[2017.07.13-21.31.19:779][557]LogModuleManager: Shutting down and abandoning module OnlineSubsystem (46)
[2017.07.13-21.31.19:779][557]LogOnline:Display: Unloading online subsystem: NULL
[2017.07.13-21.31.19:779][557]LogModuleManager: Shutting down and abandoning module XMPP (45)
[2017.07.13-21.31.19:848][557]LogModuleManager: Shutting down and abandoning module HTTP (43)
[2017.07.13-21.31.19:848][557]LogHttp:Display: Http module shutting down, but needs to wait on 1 outstanding Http requests:
[2017.07.13-21.31.19:858][557]LogHttp:Display: 	verb=[POST] url=[https://datarouter.ol.epicgames.com/datarouter/api/v1/public/data?SessionID=%7B3B1C3E05-4F47-80BC-4111-CBB729F551AE%7D&AppID=UEEditor.Rocket.Release&AppVersion=4.16.2-3514769%2B%2B%2BUE4%2BRelease-4.16&UserID=b79931d94361aeaf0cb278bf7ce92519%7C17ebd9a0cffe46b49d2a47c865b7d9e7%7Cafe8a177-b457-4ffb-a1ad-7ce8c85c507f&AppEnvironment=datacollector-binary&UploadType=eteventstream] status=Processing
[2017.07.13-21.31.19:883][557]LogModuleManager: Shutting down and abandoning module SSL (42)
[2017.07.13-21.31.19:939][557]LogModuleManager: Shutting down and abandoning module HTTPChunkInstaller (38)
[2017.07.13-21.31.19:939][557]LogModuleManager: Shutting down and abandoning module DesktopPlatform (36)
[2017.07.13-21.31.19:949][557]LogModuleManager: Shutting down and abandoning module AnimationModifiers (34)
[2017.07.13-21.31.19:965][557]LogModuleManager: Shutting down and abandoning module PropertyEditor (33)
[2017.07.13-21.31.19:974][557]LogModuleManager: Shutting down and abandoning module AudioEditor (30)
[2017.07.13-21.31.19:989][557]LogModuleManager: Shutting down and abandoning module TextureCompressor (28)
[2017.07.13-21.31.20:004][557]LogModuleManager: Shutting down and abandoning module ShaderCore (26)
[2017.07.13-21.31.20:005][557]LogModuleManager: Shutting down and abandoning module Landscape (24)
[2017.07.13-21.31.20:005][557]LogModuleManager: Shutting down and abandoning module SlateRHIRenderer (22)
[2017.07.13-21.31.20:020][557]LogModuleManager: Shutting down and abandoning module OpenGLDrv (20)
[2017.07.13-21.31.20:042][557]LogModuleManager: Shutting down and abandoning module D3D11RHI (18)
[2017.07.13-21.31.20:042][557]LogModuleManager: Shutting down and abandoning module AnimGraphRuntime (16)
[2017.07.13-21.31.20:047][557]LogModuleManager: Shutting down and abandoning module Renderer (14)
[2017.07.13-21.31.20:047][557]LogModuleManager: Shutting down and abandoning module Engine (12)
[2017.07.13-21.31.20:047][557]LogModuleManager: Shutting down and abandoning module CoreUObject (10)
[2017.07.13-21.31.20:047][557]LogModuleManager: Shutting down and abandoning module NetworkFile (8)
[2017.07.13-21.31.20:059][557]LogModuleManager: Shutting down and abandoning module StreamingFile (6)
[2017.07.13-21.31.20:070][557]LogModuleManager: Shutting down and abandoning module SandboxFile (4)
[2017.07.13-21.31.20:082][557]LogModuleManager: Shutting down and abandoning module PakFile (2)
[2017.07.13-21.31.20:103][557]LogExit: Exiting.
[2017.07.13-21.31.20:127][557]Log file closed, 07/13/17 17:31:20
