Log file open, 07/19/17 21:45:19
LogInit:Display: Running engine for game: BasicEaters
LogPlatformFile: Not using cached read wrapper
LogInit:Display: RandInit(-850181514) SRandInit(-850181513).
LogTaskGraph: Started task graph with 5 named threads and 6 total threads with 1 sets of task threads.
LogStats: Stats thread started at 3.458420
LogInit: Using libcurl 7.47.1
LogInit:  - built for x86_64-pc-win32
LogInit:  - supports SSL with OpenSSL/1.0.2g
LogInit:  - supports HTTP deflate (compression) using libz 1.2.8
LogInit:  - other features:
LogInit:      CURL_VERSION_SSL
LogInit:      CURL_VERSION_LIBZ
LogInit:      CURL_VERSION_IPV6
LogInit:      CURL_VERSION_ASYNCHDNS
LogInit:      CURL_VERSION_LARGEFILE
LogInit:      CURL_VERSION_IDN
LogInit:  CurlRequestOptions (configurable via config and command line):
LogInit:  - bVerifyPeer = false  - Libcurl will NOT verify peer certificate
LogInit:  - bUseHttpProxy = false  - Libcurl will NOT use HTTP proxy
LogInit:  - bDontReuseConnections = false  - Libcurl will reuse connections
LogInit:  - CertBundlePath = nullptr  - Libcurl will use whatever was configured at build time.
LogInit: Build: ++UE4+Release-4.16-CL-3514769
LogInit: Engine Version: 4.16.2-3514769+++UE4+Release-4.16
LogInit: Compatible Engine Version: 4.16.0-3452394+++UE4+Release-4.16
LogInit: Net CL: 3452394
LogDevObjectVersion: Number of dev versions registered: 16
LogDevObjectVersion:   Dev-Blueprints (B0D832E4-1F89-4F0D-ACCF-7EB736FD4AA2): 9
LogDevObjectVersion:   Dev-Build (E1C64328-A22C-4D53-A36C-8E866417BD8C): 0
LogDevObjectVersion:   Dev-Core (375EC13C-06E4-48FB-B500-84F0262A717E): 2
LogDevObjectVersion:   Dev-Editor (E4B068ED-F494-42E9-A231-DA0B2E46BB41): 17
LogDevObjectVersion:   Dev-Framework (CFFC743F-43B0-4480-9391-14DF171D2073): 23
LogDevObjectVersion:   Dev-Mobile (B02B49B5-BB20-44E9-A304-32B752E40360): 0
LogDevObjectVersion:   Dev-Networking (A4E4105C-59A1-49B5-A7C5-40C4547EDFEE): 0
LogDevObjectVersion:   Dev-Online (39C831C9-5AE6-47DC-9A44-9C173E1C8E7C): 0
LogDevObjectVersion:   Dev-Physics (78F01B33-EBEA-4F98-B9B4-84EACCB95AA2): 0
LogDevObjectVersion:   Dev-Platform (6631380F-2D4D-43E0-8009-CF276956A95A): 0
LogDevObjectVersion:   Dev-Rendering (12F88B9F-8875-4AFC-A67C-D90C383ABD29): 15
LogDevObjectVersion:   Dev-Sequencer (7B5AE74C-D270-4C10-A958-57980B212A5A): 4
LogDevObjectVersion:   Dev-VR (D7296918-1DD6-4BDD-9DE2-64A83CC13884): 0
LogDevObjectVersion:   Dev-LoadTimes (C2A15278-BFE7-4AFE-6C17-90FF531DF755): 1
LogDevObjectVersion:   Private-Geometry (6EACA3D4-40EC-4CC1-B786-8BED09428FC5): 1
LogDevObjectVersion:   Dev-AnimPhys (29E575DD-E0A3-4627-9D10-D276232CDCEA): 3
LogInit: Compiled (64-bit): Jun 29 2017 02:03:24
LogInit: Compiled with Visual C++: 19.00.24215.01
LogInit: Build Configuration: Development
LogInit: Branch Name: ++UE4+Release-4.16
LogInit: Command line:  
LogInit: Base directory: D:/Program Files (x86)/UE_4.16/Engine/Binaries/Win64/
LogInit: Installed Engine Build: 1
LogInit: Presizing for max 8388607 objects, including 0 objects not considered by GC, pre-allocating 0 bytes for permanent pool.
LogInit: Object subsystem initialized
[2017.07.20-01.45.21:397][  0]LogInit: Selected Device Profile: [Windows]
[2017.07.20-01.45.21:397][  0]LogInit: Applying CVar settings loaded from the selected device profile: [Windows]
[2017.07.20-01.45.21:613][  0]LogInit: Computer: DESKTOP-87LHRMB
[2017.07.20-01.45.21:613][  0]LogInit: User: yugch
[2017.07.20-01.45.21:613][  0]LogInit: CPU Page size=4096, Cores=2
[2017.07.20-01.45.21:613][  0]LogInit: High frequency timer resolution =2.435875 MHz
[2017.07.20-01.45.21:631][  0]LogMemory: Memory total: Physical=7.9GB (8GB approx)
[2017.07.20-01.45.21:631][  0]LogMemory: Platform Memory Stats for Windows
[2017.07.20-01.45.21:631][  0]LogMemory: Process Physical Memory: 272.58 MB used, 272.58 MB peak
[2017.07.20-01.45.21:631][  0]LogMemory: Process Virtual Memory: 266.41 MB used, 266.41 MB peak
[2017.07.20-01.45.21:631][  0]LogMemory: Physical Memory: 3888.26 MB used,  4185.01 MB free, 8073.27 MB total
[2017.07.20-01.45.21:631][  0]LogMemory: Virtual Memory: 642.29 MB used,  4185.01 MB free, 134217728.00 MB total
[2017.07.20-01.45.22:637][  0]LogInit: Using OS detected language (en-US).
[2017.07.20-01.45.22:637][  0]LogInit: Using OS detected locale (en-US).
[2017.07.20-01.45.22:931][  0]LogTextLocalizationManager: No specific localization for 'en-US' exists, so the 'en' localization will be used.
[2017.07.20-01.45.28:084][  0]LogD3D11RHI: D3D11 adapters:
[2017.07.20-01.45.28:088][  0]LogD3D11RHI:    0. 'Intel(R) HD Graphics 4000' (Feature Level 11_0)
[2017.07.20-01.45.28:088][  0]LogD3D11RHI:       32/0/1760 MB DedicatedVideo/DedicatedSystem/SharedSystem, Outputs:2, VendorId:0x8086
[2017.07.20-01.45.28:090][  0]LogD3D11RHI:    1. 'Microsoft Basic Render Driver' (Feature Level 11_0)
[2017.07.20-01.45.28:090][  0]LogD3D11RHI:       0/0/4036 MB DedicatedVideo/DedicatedSystem/SharedSystem, Outputs:0, VendorId:0x1414
[2017.07.20-01.45.28:091][  0]LogD3D11RHI:    2. 'Microsoft Basic Render Driver' (Feature Level 11_0)
[2017.07.20-01.45.28:091][  0]LogD3D11RHI:       0/0/4036 MB DedicatedVideo/DedicatedSystem/SharedSystem, Outputs:0, VendorId:0x1414
[2017.07.20-01.45.28:091][  0]LogD3D11RHI: Chosen D3D11 Adapter: 0
[2017.07.20-01.45.28:140][  0]LogD3D11RHI: Creating new Direct3DDevice
[2017.07.20-01.45.28:140][  0]LogD3D11RHI:     GPU DeviceId: 0x166 (for the marketing name, search the web for "GPU Device Id")
[2017.07.20-01.45.28:140][  0]LogWindows: EnumDisplayDevices:
[2017.07.20-01.45.28:140][  0]LogWindows:    0. 'Intel(R) HD Graphics 4000' (P:0 D:1)
[2017.07.20-01.45.28:140][  0]LogWindows:    1. 'Intel(R) HD Graphics 4000' (P:0 D:0)
[2017.07.20-01.45.28:141][  0]LogWindows:    2. 'Intel(R) HD Graphics 4000' (P:0 D:0)
[2017.07.20-01.45.28:141][  0]LogWindows:    3. 'DisplayLink USB Device' (P:1 D:1)
[2017.07.20-01.45.28:141][  0]LogWindows: DebugString: GetVideoDriverDetailsInvalid PrimaryIsNotTheChoosenAdapter FoundDriverCount:3 
[2017.07.20-01.45.28:141][  0]LogD3D11RHI:     Adapter Name: Intel(R) HD Graphics 4000
[2017.07.20-01.45.28:141][  0]LogD3D11RHI:   Driver Version: 10.18.10.4358 (internal:10.18.10.4358, unified:10.18.10.4358)
[2017.07.20-01.45.28:141][  0]LogD3D11RHI:      Driver Date: 12-21-2015
[2017.07.20-01.45.28:141][  0]LogRHI: Texture pool is 638 MB (70% of 912 MB)
[2017.07.20-01.45.28:145][  0]LogD3D11RHI: Async texture creation enabled
[2017.07.20-01.45.28:599][  0]LogD3D11RHI: GPU Timing Frequency: 12.500000 (Debug: 2 0)
[2017.07.20-01.45.28:699][  0]LogShaderCompilers: Guid format shader working directory is -14 characters bigger than the processId version (C:/Users/yugch/Documents/SOAR Stuff/Eaters Game/BasicEaters/Intermediate/Shaders/WorkingDirectory/11424/).
[2017.07.20-01.45.28:700][  0]LogShaderCompilers: Cleaned the shader compiler working directory 'C:/Users/yugch/AppData/Local/Temp/UnrealShaderWorkingDir/2937E2C045D61247AEE000B05B006B62/'.
[2017.07.20-01.45.28:714][  0]LogShaderCompilers:Display: Using Local Shader Compiler.
[2017.07.20-01.45.33:587][  0]LogTemp:Display: Loaded TP AllDesktopTargetPlatform
[2017.07.20-01.45.33:668][  0]LogTemp:Display: Loaded TP MacClientTargetPlatform
[2017.07.20-01.45.33:724][  0]LogTemp:Display: Loaded TP MacNoEditorTargetPlatform
[2017.07.20-01.45.33:780][  0]LogTemp:Display: Loaded TP MacServerTargetPlatform
[2017.07.20-01.45.33:876][  0]LogTemp:Display: Loaded TP MacTargetPlatform
[2017.07.20-01.45.33:932][  0]LogTemp:Display: Loaded TP WindowsClientTargetPlatform
[2017.07.20-01.45.34:051][  0]LogTemp:Display: Loaded TP WindowsNoEditorTargetPlatform
[2017.07.20-01.45.34:123][  0]LogTemp:Display: Loaded TP WindowsServerTargetPlatform
[2017.07.20-01.45.34:207][  0]LogTemp:Display: Loaded TP WindowsTargetPlatform
[2017.07.20-01.45.34:307][  0]LogTemp:Display: Loaded TP AndroidTargetPlatform
[2017.07.20-01.45.34:394][  0]LogTemp:Display: Loaded TP Android_ASTCTargetPlatform
[2017.07.20-01.45.34:466][  0]LogTemp:Display: Loaded TP Android_ATCTargetPlatform
[2017.07.20-01.45.34:543][  0]LogTemp:Display: Loaded TP Android_DXTTargetPlatform
[2017.07.20-01.45.34:610][  0]LogTemp:Display: Loaded TP Android_ETC1TargetPlatform
[2017.07.20-01.45.34:660][  0]LogTemp:Display: Loaded TP Android_ETC2TargetPlatform
[2017.07.20-01.45.34:794][  0]LogTemp:Display: Loaded TP Android_MultiTargetPlatform
[2017.07.20-01.45.34:794][  0]LogTemp:Display: Loaded TP Android_PVRTCTargetPlatform
[2017.07.20-01.45.34:838][  0]LogTemp:Display: Loaded TP HTML5TargetPlatform
[2017.07.20-01.45.35:075][  0]LogTemp:Display: Loaded TP IOSTargetPlatform
[2017.07.20-01.45.35:109][  0]LogTemp:Display: Loaded TP TVOSTargetPlatform
[2017.07.20-01.45.35:162][  0]LogTemp:Display: Loaded TP LinuxClientTargetPlatform
[2017.07.20-01.45.35:218][  0]LogTemp:Display: Loaded TP LinuxNoEditorTargetPlatform
[2017.07.20-01.45.35:278][  0]LogTemp:Display: Loaded TP LinuxServerTargetPlatform
[2017.07.20-01.45.35:341][  0]LogTemp:Display: Loaded TP LinuxTargetPlatform
[2017.07.20-01.45.35:341][  0]LogTargetPlatformManager:Display: Building Assets For Windows
[2017.07.20-01.45.37:136][  0]LogDerivedDataCache:Display: Max Cache Size: 512 MB
[2017.07.20-01.45.37:621][  0]LogDerivedDataCache: Loaded boot cache 0.48s 90MB C:/Users/yugch/AppData/Local/UnrealEngine/4.16/DerivedDataCache/Boot.ddc.
[2017.07.20-01.45.37:621][  0]LogDerivedDataCache:Display: Loaded Boot cache: C:/Users/yugch/AppData/Local/UnrealEngine/4.16/DerivedDataCache/Boot.ddc
[2017.07.20-01.45.37:621][  0]LogDerivedDataCache: FDerivedDataBackendGraph:  Pak pak cache file C:/Users/yugch/Documents/SOAR Stuff/Eaters Game/BasicEaters/DerivedDataCache/DDC.ddp not found, will not use a pak cache.
[2017.07.20-01.45.37:621][  0]LogDerivedDataCache: Unable to find inner node Pak for hierarchical cache Hierarchy.
[2017.07.20-01.45.37:621][  0]LogDerivedDataCache: FDerivedDataBackendGraph:  CompressedPak pak cache file C:/Users/yugch/Documents/SOAR Stuff/Eaters Game/BasicEaters/DerivedDataCache/Compressed.ddp not found, will not use a pak cache.
[2017.07.20-01.45.37:621][  0]LogDerivedDataCache: Unable to find inner node CompressedPak for hierarchical cache Hierarchy.
[2017.07.20-01.45.37:794][  0]LogDerivedDataCache:Display: Pak cache opened for reading ../../../Engine/DerivedDataCache/Compressed.ddp.
[2017.07.20-01.45.37:807][  0]LogDerivedDataCache: Using Local data cache path C:/Users/yugch/AppData/Local/UnrealEngine/Common/DerivedDataCache: Writable
[2017.07.20-01.45.37:955][  0]LogMaterial: Verifying Global Shaders for PCD3D_SM5
[2017.07.20-01.45.38:034][  0]LogSlate: Using Freetype 2.6.0
[2017.07.20-01.45.38:185][  0]LogSlate: SlateFontCache - WITH_FREETYPE: 1, WITH_HARFBUZZ: 1
[2017.07.20-01.45.38:185][  0]LogSlate: SlateFontCache - WITH_FREETYPE: 1, WITH_HARFBUZZ: 1
[2017.07.20-01.45.50:332][  0]LogInit: Selected Device Profile: [Windows]
[2017.07.20-01.45.51:831][  0]LogContentStreaming: Texture pool size is 0.00 MB
[2017.07.20-01.45.52:653][  0]LogMeshUtilities: Using QuadricMeshReduction for automatic static mesh reduction
[2017.07.20-01.45.52:851][  0]LogSimplygon: Simplygon DLL not present - disabling.
[2017.07.20-01.45.52:955][  0]LogMeshUtilities: Using SimplygonSwarm for distributed automatic mesh merging
[2017.07.20-01.45.52:955][  0]LogMeshUtilities: No automatic skeletal mesh reduction module available
[2017.07.20-01.45.52:955][  0]LogMeshUtilities: No automatic mesh merging module available
[2017.07.20-01.46.00:282][  0]LogNetVersion: BasicEaters , NetCL: 3452394, EngineNetVer: 2, GameNetVer: 0 (Checksum: 2317158986)
[2017.07.20-01.46.00:758][  0]LogAssetRegistry: FAssetRegistry took 0.0677 seconds to start up
[2017.07.20-01.46.01:004][  0]LogPackageLocalizationCache: Processed 4 localized package path(s) for 2 prioritized culture(s) in 0.184522 seconds
[2017.07.20-01.46.01:073][  0]LogUObjectArray: 34194 objects as part of root set at end of initial load.
[2017.07.20-01.46.01:073][  0]LogUObjectAllocator: 7260416 out of 0 bytes used by permanent object pool.
[2017.07.20-01.46.01:073][  0]LogUObjectArray: CloseDisregardForGC: 0/0 objects in disregard for GC pool
[2017.07.20-01.46.01:263][  0]LogInit: WinSock: version 1.1 (2.2), MaxSocks=32767, MaxUdp=65467
[2017.07.20-01.46.26:734][  0]LogTcpMessaging: Initializing TcpMessaging bridge
[2017.07.20-01.46.26:802][  0]LogUdpMessaging: Initializing bridge on interface 0.0.0.0:0 to multicast group 230.0.0.1:6666.
[2017.07.20-01.46.28:949][  0]LogMaterial: Uniform references updated for custom material expression Custom.
[2017.07.20-01.46.30:256][  0]SourceControl: Info Source control is disabled
[2017.07.20-01.46.30:348][  0]SourceControl: Info Source control is disabled
[2017.07.20-01.46.30:445][  0]SourceControl: Info Source control is disabled
[2017.07.20-01.46.30:542][  0]SourceControl: Info Source control is disabled
[2017.07.20-01.46.31:933][  0]LogAndroidPermission: UAndroidPermissionCallbackProxy::GetInstance
[2017.07.20-01.46.33:502][  0]LogEngine: Initializing Engine...
[2017.07.20-01.46.33:563][  0]LogHMD: Failed to initialize OpenVR with code 110
[2017.07.20-01.46.34:859][  0]LogStats: UGameplayTagsManager::ConstructGameplayTagTree: Construct from data asset -  0.000 s
[2017.07.20-01.46.34:860][  0]LogStats: UGameplayTagsManager::ConstructGameplayTagTree: GameplayTagTreeChangedEvent.Broadcast -  0.000 s
[2017.07.20-01.46.35:675][  0]LogAIModule: Creating AISystem for world Untitled
[2017.07.20-01.46.36:052][  0]LogInit: XAudio2 using 'Speakers / Headphones (Realtek High Definition Audio)' : 2 channels at 48 kHz using 32 bits per sample (channel mask 0x3)
[2017.07.20-01.46.36:209][  0]LogInit: FAudioDevice initialized.
[2017.07.20-01.46.36:265][  0]LogDerivedDataCache: Saved boot cache 0.05s 90MB C:/Users/yugch/AppData/Local/UnrealEngine/4.16/DerivedDataCache/Boot.ddc.
[2017.07.20-01.46.36:274][  0]LogInit: Texture streaming: Enabled
[2017.07.20-01.46.36:520][  0]LogEngineSessionManager: EngineSessionManager initialized
[2017.07.20-01.46.37:978][  0]LogInit: Transaction tracking system initialized
[2017.07.20-01.46.39:544][  0]BlueprintLog: New page: Editor Load
[2017.07.20-01.46.44:695][  0]LocalizationService: Info Localization service is disabled
[2017.07.20-01.46.48:233][  0]LogConsoleResponse:Display: 
[2017.07.20-01.46.55:616][  0]LogFileCache: Scanning file cache for directory 'C:/Users/yugch/Documents/SOAR Stuff/Eaters Game/BasicEaters/Content/' took 0.05s
[2017.07.20-01.46.55:616][  0]LogCook:Display: Max memory allowance for cook 16384mb min free memory 0mb
[2017.07.20-01.46.55:670][  0]LogCook:Display: Mobile HDR setting 1
[2017.07.20-01.47.03:633][  0]SourceControl: Info Source control is disabled
[2017.07.20-01.47.03:827][  0]Cmd: MAP LOAD FILE="C:/Users/yugch/Documents/SOAR Stuff/Eaters Game/BasicEaters/Content/StarterContent/Maps/Minimal_Default.umap" TEMPLATE=0 SHOWPROGRESS=1 FEATURELEVEL=3
[2017.07.20-01.47.03:922][  0]LightingResults: New page: Lighting Build
[2017.07.20-01.47.05:269][  0]MapCheck: New page: Map Check
[2017.07.20-01.47.05:269][  0]LightingResults: New page: Lighting Build
[2017.07.20-01.47.11:157][  0]LogLinker:Warning: Can't find file '/Game/StarterContent/Maps/Minimal_Default_BuiltData'
[2017.07.20-01.47.11:158][  0]LogLinker:Warning: Can't find file for asset '/Game/StarterContent/Maps/Minimal_Default_BuiltData' while loading C:/Users/yugch/Documents/SOAR Stuff/Eaters Game/BasicEaters/Content/StarterContent/Maps/Minimal_Default.umap.
[2017.07.20-01.47.11:158][  0]LoadErrors:Error: Error /Game/StarterContent/Maps/Minimal_Default : Can't find file for asset. /Game/StarterContent/Maps/Minimal_Default_BuiltData
[2017.07.20-01.47.11:309][  0]LogLinker:Warning: Can't find file '/Game/StarterContent/Maps/Minimal_Default_BuiltData'
[2017.07.20-01.47.11:310][  0]LogLinker:Warning: Can't find file for asset '/Game/StarterContent/Maps/Minimal_Default_BuiltData' while loading C:/Users/yugch/Documents/SOAR Stuff/Eaters Game/BasicEaters/Content/StarterContent/Maps/Minimal_Default.umap.
[2017.07.20-01.47.11:310][  0]LoadErrors:Error: Error /Game/StarterContent/Maps/Minimal_Default : Can't find file for asset. /Game/StarterContent/Maps/Minimal_Default_BuiltData
[2017.07.20-01.47.11:312][  0]LogLinker:Warning: Can't find file '/Game/StarterContent/Maps/Minimal_Default_BuiltData'
[2017.07.20-01.47.11:312][  0]LogLinker:Warning: Can't find file for asset '/Game/StarterContent/Maps/Minimal_Default_BuiltData' while loading NULL.
[2017.07.20-01.47.11:312][  0]LogLinker:Warning: Can't find file '/Game/StarterContent/Maps/Minimal_Default_BuiltData'
[2017.07.20-01.47.11:312][  0]LogLinker:Warning: Can't find file for asset '/Game/StarterContent/Maps/Minimal_Default_BuiltData' while loading NULL.
[2017.07.20-01.47.11:449][  0]LogLinker:Warning: Can't find file '/Game/StarterContent/Maps/Minimal_Default_BuiltData'
[2017.07.20-01.47.11:449][  0]LoadErrors: Info Failed to load /Game/StarterContent/Maps/Minimal_Default_BuiltData.Minimal_Default_BuiltData Referenced by PersistentLevel
[2017.07.20-01.47.11:449][  0]LogLinker:Warning: Can't find file for asset '/Game/StarterContent/Maps/Minimal_Default_BuiltData' while loading NULL.
[2017.07.20-01.47.11:449][  0]LoadErrors: Info Failed to load /Game/StarterContent/Maps/Minimal_Default_BuiltData.Minimal_Default_BuiltData Referenced by PersistentLevel
[2017.07.20-01.47.12:855][  0]LogAIModule: Creating AISystem for world Minimal_Default
[2017.07.20-01.47.13:837][  0]LogEditorServer: Finished looking for orphan Actors (0.000 secs)
[2017.07.20-01.47.14:016][  0]Cmd: MAP CHECKDEP NOCLEARLOG
[2017.07.20-01.47.14:089][  0]MapCheck: Info Map check complete: 0 Error(s), 0 Warning(s), took 72.256ms to complete.
[2017.07.20-01.47.14:089][  0]LogFileHelpers: Loading map 'Minimal_Default' took 10.389
[2017.07.20-01.47.16:448][  0]LogCollectionManager: Loaded 0 collections in 0.002174 seconds
[2017.07.20-01.47.16:650][  0]LogFileCache: Scanning file cache for directory 'C:/Users/yugch/Documents/SOAR Stuff/Eaters Game/BasicEaters/Saved/Collections/' took 0.01s
[2017.07.20-01.47.16:650][  0]LogFileCache: Scanning file cache for directory 'C:/Users/yugch/Documents/SOAR Stuff/Eaters Game/BasicEaters/Content/Developers/yugch/Collections/' took 0.01s
[2017.07.20-01.47.16:650][  0]LogFileCache: Scanning file cache for directory 'C:/Users/yugch/Documents/SOAR Stuff/Eaters Game/BasicEaters/Content/Collections/' took 0.01s
[2017.07.20-01.47.16:650][  0]LogCollectionManager: Rebuilt the GUID cache for 0 collections in 0.000002 seconds
[2017.07.20-01.47.16:692][  0]LogContentBrowser: Native class hierarchy populated in 0.0256 seconds. Added 2334 classes and 493 folders.
[2017.07.20-01.47.16:941][  0]LogContentBrowser: Native class hierarchy updated for 'WidgetCarousel' in 0.0021 seconds. Added 0 classes and 0 folders.
[2017.07.20-01.47.18:256][  0]LogContentBrowser: Native class hierarchy updated for 'AddContentDialog' in 0.0025 seconds. Added 0 classes and 0 folders.
[2017.07.20-01.47.18:402][  0]LogContentBrowser: Native class hierarchy updated for 'SceneOutliner' in 0.0024 seconds. Added 1 classes and 2 folders.
[2017.07.20-01.47.19:055][  0]LogCrashTracker: Crashtracker disabled due to settings.
[2017.07.20-01.47.19:319][  0]LogSlate: Took 0.013958 seconds to synchronously load lazily loaded font '../../../Engine/Content/Slate/Fonts/Roboto-Regular.ttf' (155K)
[2017.07.20-01.47.19:357][  0]LogSlate: Took 0.020979 seconds to synchronously load lazily loaded font '../../../Engine/Content/Slate/Fonts/Roboto-Bold.ttf' (160K)
[2017.07.20-01.47.19:486][  0]LogSlate: Took 0.015059 seconds to synchronously load lazily loaded font '../../../Engine/Content/Editor/Slate/Fonts/FontAwesome.ttf' (139K)
[2017.07.20-01.47.20:279][  0]LogRenderer: Reallocating scene render targets to support 1208x576 NumSamples 1 (Frame:1).
[2017.07.20-01.47.22:092][  0]LogSlate: Took 0.026464 seconds to synchronously load lazily loaded font '../../../Engine/Content/Slate/Fonts/Roboto-Light.ttf' (159K)
[2017.07.20-01.47.22:522][  0]LogUObjectGlobals:Warning: Failed to find object 'Class None.'
[2017.07.20-01.47.22:681][  0]LogContentBrowser: Native class hierarchy updated for 'HierarchicalLODOutliner' in 0.0018 seconds. Added 1 classes and 2 folders.
[2017.07.20-01.47.22:681][  0]LogLoad: (Engine Initialization) Total time: 137.12 seconds
[2017.07.20-01.47.22:681][  0]LogLoad: (Engine Initialization) Total Blueprint compile time: 1.47 seconds
[2017.07.20-01.47.22:681][  0]LogExternalProfiler: Found external profiler: VSPerf
[2017.07.20-01.47.22:681][  0]LogExternalProfiler: Using external profiler: VSPerf
[2017.07.20-01.47.23:069][  0]LogOcInput: OculusInput pre-init called
[2017.07.20-01.47.23:076][  0]LogHMD: Starting GearVRController plugin
[2017.07.20-01.47.23:435][  0]LogContentStreaming: Texture pool size now 1000 MB
[2017.07.20-01.47.25:092][  4]LogAssetRegistry: Asset discovery search completed in 84.3559 seconds
[2017.07.20-01.47.25:112][  4]LogCollectionManager: Rebuilt the object cache for 0 collections in 0.000001 seconds (found 0 objects)
[2017.07.20-01.47.25:112][  4]LogCollectionManager: Fixed up redirectors for 0 collections in 0.000883 seconds (updated 0 objects)
